{"name": "Проверка, что при создании нового заказа увеличивается счетчик заказов на 1", "status": "broken", "statusDetails": {"message": "selenium.common.exceptions.ElementClickInterceptedException: Message: Element <button class=\"button_button__33qZ0 button_button_type_primary__1O7Bx button_button_size_medium__3zxIa\"> is not clickable at point (636,549) because another element <div class=\"Modal_modal_overlay__x2ZCr\"> obscures it\nStacktrace:\nRemoteError@chrome://remote/content/shared/RemoteError.sys.mjs:8:8\nWebDriverError@chrome://remote/content/shared/webdriver/Errors.sys.mjs:193:5\nElementClickInterceptedError@chrome://remote/content/shared/webdriver/Errors.sys.mjs:337:5\nwebdriverClickElement@chrome://remote/content/marionette/interaction.sys.mjs:176:11\ninteraction.clickElement@chrome://remote/content/marionette/interaction.sys.mjs:135:11\nclickElement@chrome://remote/content/marionette/actors/MarionetteCommandsChild.sys.mjs:204:29\nreceiveMessage@chrome://remote/content/marionette/actors/MarionetteCommandsChild.sys.mjs:84:31", "trace": "self = <tests.test_feed.TestFeed object at 0x00000243849D55E0>, registered_user = {'email': 'k5olvaxouqorcy@ya.ru', 'name': 'k5olvaxouqorcy', 'password': 'macrzuhklc'}\nrequest = <FixtureRequest for <Function test_feed_counter_raised_after_new_order_created[firefox_driver-counter3]>>, br_driver = 'firefox_driver'\ncounter = ('xpath', \".//p[contains(text(), 'Выполнено за сегодня')]/following-sibling::p\")\n\n    @allure.title('Проверка, что при создании нового заказа увеличивается счетчик заказов на 1')\n    @allure.description('Авторизованный пользователь создает новый заказ, переходит в ленту заказов и проверяет, '\n                        'что число заказов увелилось на 1. '\n                        'Тест параметризованный. Проверяются счетсчики \"За Сегодня\" и \"За все время\"')\n    @pytest.mark.parametrize('br_driver, counter',\n                             [\n                                 ('chrome_driver', FeedPageLocators.TOTAL_ORDER_COUNT),\n                                 ('firefox_driver', FeedPageLocators.TOTAL_ORDER_COUNT),\n                                 ('chrome_driver', FeedPageLocators.TODAY_ORDER_COUNT),\n                                 ('firefox_driver', FeedPageLocators.TODAY_ORDER_COUNT)\n                             ]\n                             )\n    def test_feed_counter_raised_after_new_order_created(self, registered_user, request, br_driver, counter):\n        driver = request.getfixturevalue(br_driver)\n        feed_page = FeedPage(driver)\n        login_page = LoginPage(driver)\n        constructor_page = ConstructorPage(driver)\n        headers_page = HeadersPage(driver)\n    \n        login_page.open_login_page()\n>       login_page.login(registered_user)\n\ntests\\test_feed.py:76: \n_ _ _ _ _ _ _ _ _ _ _ _ _ _ _ _ _ _ _ _ _ _ _ _ _ _ _ _ _ _ _ _ _ _ _ _ _ _ _ _ _ _ _ _ _ _ _ _ _ _ _ _ _ _ _ _ _ _ _ _ _ _ _ _ _ _ _ _ _ _ _ _ _ _ _ _ _ _ _ _ _ _ _ _ _ _ _ _ _ _\npage_object\\pages\\login_page.py:23: in login\n    login_page.click_on_element(LoginPageLocators.LOGIN_FORM_LOGIN_BUTTON)\npage_object\\pages\\base_page.py:21: in click_on_element\n    element.click()\nC:\\Users\\natasha\\AppData\\Local\\Programs\\Python\\Python312\\Lib\\site-packages\\selenium\\webdriver\\remote\\webelement.py:94: in click\n    self._execute(Command.CLICK_ELEMENT)\nC:\\Users\\natasha\\AppData\\Local\\Programs\\Python\\Python312\\Lib\\site-packages\\selenium\\webdriver\\remote\\webelement.py:395: in _execute\n    return self._parent.execute(command, params)\nC:\\Users\\natasha\\AppData\\Local\\Programs\\Python\\Python312\\Lib\\site-packages\\selenium\\webdriver\\remote\\webdriver.py:347: in execute\n    self.error_handler.check_response(response)\n_ _ _ _ _ _ _ _ _ _ _ _ _ _ _ _ _ _ _ _ _ _ _ _ _ _ _ _ _ _ _ _ _ _ _ _ _ _ _ _ _ _ _ _ _ _ _ _ _ _ _ _ _ _ _ _ _ _ _ _ _ _ _ _ _ _ _ _ _ _ _ _ _ _ _ _ _ _ _ _ _ _ _ _ _ _ _ _ _ _\n\nself = <selenium.webdriver.remote.errorhandler.ErrorHandler object at 0x0000024384A39040>\nresponse = {'status': 400, 'value': '{\"value\":{\"error\":\"element click intercepted\",\"message\":\"Element <button class=\\\\\"button_but...sys.mjs:204:29\\\\nreceiveMessage@chrome://remote/content/marionette/actors/MarionetteCommandsChild.sys.mjs:84:31\\\\n\"}}'}\n\n    def check_response(self, response: Dict[str, Any]) -> None:\n        \"\"\"Checks that a JSON response from the WebDriver does not have an\n        error.\n    \n        :Args:\n         - response - The JSON response from the WebDriver server as a dictionary\n           object.\n    \n        :Raises: If the response contains an error message.\n        \"\"\"\n        status = response.get(\"status\", None)\n        if not status or status == ErrorCode.SUCCESS:\n            return\n        value = None\n        message = response.get(\"message\", \"\")\n        screen: str = response.get(\"screen\", \"\")\n        stacktrace = None\n        if isinstance(status, int):\n            value_json = response.get(\"value\", None)\n            if value_json and isinstance(value_json, str):\n                import json\n    \n                try:\n                    value = json.loads(value_json)\n                    if len(value) == 1:\n                        value = value[\"value\"]\n                    status = value.get(\"error\", None)\n                    if not status:\n                        status = value.get(\"status\", ErrorCode.UNKNOWN_ERROR)\n                        message = value.get(\"value\") or value.get(\"message\")\n                        if not isinstance(message, str):\n                            value = message\n                            message = message.get(\"message\")\n                    else:\n                        message = value.get(\"message\", None)\n                except ValueError:\n                    pass\n    \n        exception_class: Type[WebDriverException]\n        e = ErrorCode()\n        error_codes = [item for item in dir(e) if not item.startswith(\"__\")]\n        for error_code in error_codes:\n            error_info = getattr(ErrorCode, error_code)\n            if isinstance(error_info, list) and status in error_info:\n                exception_class = getattr(ExceptionMapping, error_code, WebDriverException)\n                break\n        else:\n            exception_class = WebDriverException\n    \n        if not value:\n            value = response[\"value\"]\n        if isinstance(value, str):\n            raise exception_class(value)\n        if message == \"\" and \"message\" in value:\n            message = value[\"message\"]\n    \n        screen = None  # type: ignore[assignment]\n        if \"screen\" in value:\n            screen = value[\"screen\"]\n    \n        stacktrace = None\n        st_value = value.get(\"stackTrace\") or value.get(\"stacktrace\")\n        if st_value:\n            if isinstance(st_value, str):\n                stacktrace = st_value.split(\"\\n\")\n            else:\n                stacktrace = []\n                try:\n                    for frame in st_value:\n                        line = frame.get(\"lineNumber\", \"\")\n                        file = frame.get(\"fileName\", \"<anonymous>\")\n                        if line:\n                            file = f\"{file}:{line}\"\n                        meth = frame.get(\"methodName\", \"<anonymous>\")\n                        if \"className\" in frame:\n                            meth = f\"{frame['className']}.{meth}\"\n                        msg = \"    at %s (%s)\"\n                        msg = msg % (meth, file)\n                        stacktrace.append(msg)\n                except TypeError:\n                    pass\n        if exception_class == UnexpectedAlertPresentException:\n            alert_text = None\n            if \"data\" in value:\n                alert_text = value[\"data\"].get(\"text\")\n            elif \"alert\" in value:\n                alert_text = value[\"alert\"].get(\"text\")\n            raise exception_class(message, screen, stacktrace, alert_text)  # type: ignore[call-arg]  # mypy is not smart enough here\n>       raise exception_class(message, screen, stacktrace)\nE       selenium.common.exceptions.ElementClickInterceptedException: Message: Element <button class=\"button_button__33qZ0 button_button_type_primary__1O7Bx button_button_size_medium__3zxIa\"> is not clickable at point (636,549) because another element <div class=\"Modal_modal_overlay__x2ZCr\"> obscures it\nE       Stacktrace:\nE       RemoteError@chrome://remote/content/shared/RemoteError.sys.mjs:8:8\nE       WebDriverError@chrome://remote/content/shared/webdriver/Errors.sys.mjs:193:5\nE       ElementClickInterceptedError@chrome://remote/content/shared/webdriver/Errors.sys.mjs:337:5\nE       webdriverClickElement@chrome://remote/content/marionette/interaction.sys.mjs:176:11\nE       interaction.clickElement@chrome://remote/content/marionette/interaction.sys.mjs:135:11\nE       clickElement@chrome://remote/content/marionette/actors/MarionetteCommandsChild.sys.mjs:204:29\nE       receiveMessage@chrome://remote/content/marionette/actors/MarionetteCommandsChild.sys.mjs:84:31\n\nC:\\Users\\natasha\\AppData\\Local\\Programs\\Python\\Python312\\Lib\\site-packages\\selenium\\webdriver\\remote\\errorhandler.py:229: ElementClickInterceptedException"}, "description": "Авторизованный пользователь создает новый заказ, переходит в ленту заказов и проверяет, что число заказов увелилось на 1. Тест параметризованный. Проверяются счетсчики \"За Сегодня\" и \"За все время\"", "steps": [{"name": "Открыть страницу Логина", "status": "passed", "steps": [{"name": "Открыть страницу кликнув на элемент", "status": "passed", "steps": [{"name": "Перейти на страницу", "status": "passed", "parameters": [{"name": "url", "value": "'https://stellarburgers.nomoreparties.site/login'"}], "start": 1714918682511, "stop": 1714918683957}, {"name": "Подождать", "status": "passed", "start": 1714918683990, "stop": 1714918683990}], "parameters": [{"name": "locator", "value": "('xpath', \".//button[contains(text(),'Войти')]\")"}, {"name": "page_url", "value": "'https://stellarburgers.nomoreparties.site/login'"}, {"name": "page", "value": "<page_object.pages.login_page.LoginPage object at 0x0000024384A3A7B0>"}], "start": 1714918682511, "stop": 1714918683990}], "start": 1714918682510, "stop": 1714918683990}, {"name": "Вход в систему под существующим пользователем", "status": "broken", "statusDetails": {"message": "selenium.common.exceptions.ElementClickInterceptedException: Message: Element <button class=\"button_button__33qZ0 button_button_type_primary__1O7Bx button_button_size_medium__3zxIa\"> is not clickable at point (636,549) because another element <div class=\"Modal_modal_overlay__x2ZCr\"> obscures it\nStacktrace:\nRemoteError@chrome://remote/content/shared/RemoteError.sys.mjs:8:8\nWebDriverError@chrome://remote/content/shared/webdriver/Errors.sys.mjs:193:5\nElementClickInterceptedError@chrome://remote/content/shared/webdriver/Errors.sys.mjs:337:5\nwebdriverClickElement@chrome://remote/content/marionette/interaction.sys.mjs:176:11\ninteraction.clickElement@chrome://remote/content/marionette/interaction.sys.mjs:135:11\nclickElement@chrome://remote/content/marionette/actors/MarionetteCommandsChild.sys.mjs:204:29\nreceiveMessage@chrome://remote/content/marionette/actors/MarionetteCommandsChild.sys.mjs:84:31\n\n", "trace": "  File \"C:\\Users\\natasha\\AppData\\Local\\Programs\\Python\\Python312\\Lib\\site-packages\\allure_commons\\_allure.py\", line 192, in impl\n    return func(*a, **kw)\n           ^^^^^^^^^^^^^^\n  File \"C:\\trainings\\yandex_praktikum_git\\Diplom_3_Natalia_Uvarova_5\\Diplom_3\\page_object\\pages\\login_page.py\", line 23, in login\n    login_page.click_on_element(LoginPageLocators.LOGIN_FORM_LOGIN_BUTTON)\n  File \"C:\\Users\\natasha\\AppData\\Local\\Programs\\Python\\Python312\\Lib\\site-packages\\allure_commons\\_allure.py\", line 192, in impl\n    return func(*a, **kw)\n           ^^^^^^^^^^^^^^\n  File \"C:\\trainings\\yandex_praktikum_git\\Diplom_3_Natalia_Uvarova_5\\Diplom_3\\page_object\\pages\\base_page.py\", line 21, in click_on_element\n    element.click()\n  File \"C:\\Users\\natasha\\AppData\\Local\\Programs\\Python\\Python312\\Lib\\site-packages\\selenium\\webdriver\\remote\\webelement.py\", line 94, in click\n    self._execute(Command.CLICK_ELEMENT)\n  File \"C:\\Users\\natasha\\AppData\\Local\\Programs\\Python\\Python312\\Lib\\site-packages\\selenium\\webdriver\\remote\\webelement.py\", line 395, in _execute\n    return self._parent.execute(command, params)\n           ^^^^^^^^^^^^^^^^^^^^^^^^^^^^^^^^^^^^^\n  File \"C:\\Users\\natasha\\AppData\\Local\\Programs\\Python\\Python312\\Lib\\site-packages\\selenium\\webdriver\\remote\\webdriver.py\", line 347, in execute\n    self.error_handler.check_response(response)\n  File \"C:\\Users\\natasha\\AppData\\Local\\Programs\\Python\\Python312\\Lib\\site-packages\\selenium\\webdriver\\remote\\errorhandler.py\", line 229, in check_response\n    raise exception_class(message, screen, stacktrace)\n"}, "steps": [{"name": "Открыть страницу Логина", "status": "passed", "steps": [{"name": "Открыть страницу кликнув на элемент", "status": "passed", "steps": [{"name": "Перейти на страницу", "status": "passed", "parameters": [{"name": "url", "value": "'https://stellarburgers.nomoreparties.site/login'"}], "start": 1714918683990, "stop": 1714918684143}, {"name": "Подождать", "status": "passed", "start": 1714918684198, "stop": 1714918684198}], "parameters": [{"name": "locator", "value": "('xpath', \".//button[contains(text(),'Войти')]\")"}, {"name": "page_url", "value": "'https://stellarburgers.nomoreparties.site/login'"}, {"name": "page", "value": "<page_object.pages.login_page.LoginPage object at 0x0000024384A3B7D0>"}], "start": 1714918683990, "stop": 1714918684198}], "start": 1714918683990, "stop": 1714918684198}, {"name": "Ввести текст", "status": "passed", "steps": [{"name": "Подождать", "status": "passed", "start": 1714918684269, "stop": 1714918684269}], "parameters": [{"name": "locator", "value": "('xpath', \".//input[(@name='name')]\")"}, {"name": "text", "value": "'k5olvaxouqorcy@ya.ru'"}], "start": 1714918684198, "stop": 1714918684269}, {"name": "Ввести текст", "status": "passed", "steps": [{"name": "Подождать", "status": "passed", "start": 1714918684290, "stop": 1714918684290}], "parameters": [{"name": "locator", "value": "('xpath', \".//input[(@type='password')]\")"}, {"name": "text", "value": "'macrzuhklc'"}], "start": 1714918684269, "stop": 1714918684290}, {"name": "Кликнуть на элемент", "status": "broken", "statusDetails": {"message": "selenium.common.exceptions.ElementClickInterceptedException: Message: Element <button class=\"button_button__33qZ0 button_button_type_primary__1O7Bx button_button_size_medium__3zxIa\"> is not clickable at point (636,549) because another element <div class=\"Modal_modal_overlay__x2ZCr\"> obscures it\nStacktrace:\nRemoteError@chrome://remote/content/shared/RemoteError.sys.mjs:8:8\nWebDriverError@chrome://remote/content/shared/webdriver/Errors.sys.mjs:193:5\nElementClickInterceptedError@chrome://remote/content/shared/webdriver/Errors.sys.mjs:337:5\nwebdriverClickElement@chrome://remote/content/marionette/interaction.sys.mjs:176:11\ninteraction.clickElement@chrome://remote/content/marionette/interaction.sys.mjs:135:11\nclickElement@chrome://remote/content/marionette/actors/MarionetteCommandsChild.sys.mjs:204:29\nreceiveMessage@chrome://remote/content/marionette/actors/MarionetteCommandsChild.sys.mjs:84:31\n\n", "trace": "  File \"C:\\Users\\natasha\\AppData\\Local\\Programs\\Python\\Python312\\Lib\\site-packages\\allure_commons\\_allure.py\", line 192, in impl\n    return func(*a, **kw)\n           ^^^^^^^^^^^^^^\n  File \"C:\\trainings\\yandex_praktikum_git\\Diplom_3_Natalia_Uvarova_5\\Diplom_3\\page_object\\pages\\base_page.py\", line 21, in click_on_element\n    element.click()\n  File \"C:\\Users\\natasha\\AppData\\Local\\Programs\\Python\\Python312\\Lib\\site-packages\\selenium\\webdriver\\remote\\webelement.py\", line 94, in click\n    self._execute(Command.CLICK_ELEMENT)\n  File \"C:\\Users\\natasha\\AppData\\Local\\Programs\\Python\\Python312\\Lib\\site-packages\\selenium\\webdriver\\remote\\webelement.py\", line 395, in _execute\n    return self._parent.execute(command, params)\n           ^^^^^^^^^^^^^^^^^^^^^^^^^^^^^^^^^^^^^\n  File \"C:\\Users\\natasha\\AppData\\Local\\Programs\\Python\\Python312\\Lib\\site-packages\\selenium\\webdriver\\remote\\webdriver.py\", line 347, in execute\n    self.error_handler.check_response(response)\n  File \"C:\\Users\\natasha\\AppData\\Local\\Programs\\Python\\Python312\\Lib\\site-packages\\selenium\\webdriver\\remote\\errorhandler.py\", line 229, in check_response\n    raise exception_class(message, screen, stacktrace)\n"}, "steps": [{"name": "Найти элемент с ожиданием", "status": "passed", "parameters": [{"name": "locator", "value": "('xpath', \".//button[contains(text(),'Войти')]\")"}], "start": 1714918684290, "stop": 1714918684318}], "parameters": [{"name": "locator", "value": "('xpath', \".//button[contains(text(),'Войти')]\")"}], "start": 1714918684290, "stop": 1714918684322}], "parameters": [{"name": "user", "value": "{'email': 'k5olvaxouqorcy@ya.ru', 'password': 'macrzuhklc', 'name': 'k5olvaxouqorcy'}"}], "start": 1714918683990, "stop": 1714918684323}], "parameters": [{"name": "br_driver", "value": "'firefox_driver'"}, {"name": "counter", "value": "('xpath', \".//p[contains(text(), 'Выполнено за сегодня')]/following-sibling::p\")"}], "start": 1714918676869, "stop": 1714918684324, "uuid": "76f46111-1bf8-4ece-9b34-5f94aad45a96", "historyId": "6256863ff86d8728ab702ae14e766aec", "testCaseId": "35697d735aac36e9218ce697195a7b3d", "fullName": "tests.test_feed.TestFeed#test_feed_counter_raised_after_new_order_created", "labels": [{"name": "parentSuite", "value": "tests"}, {"name": "suite", "value": "test_feed"}, {"name": "subSuite", "value": "TestFeed"}, {"name": "host", "value": "LAPTOP-IE2IJGHD"}, {"name": "thread", "value": "8976-MainThread"}, {"name": "framework", "value": "pytest"}, {"name": "language", "value": "cpython3"}, {"name": "package", "value": "tests.test_feed"}]}